BM25 Loading time in s: 18.345
FT-sent Loading time in s: 3.703
BertScore Loading time in s: 2.537


######################################## Ensemble ########################################
QUERY: Tejas express
Total #docs for running bertscore: 27
len0 12	len1 25	len2 25	
Query time in s: 0.948
Num res: 14
Percent Match 0.862
 -->  0.862 1341 video of englands train of lights went viral as tejas train | इंग्लैंड की ट्रेन ऑफ़ लाइट्स का वीडियो तेजस ट्रेन के नाम से हुआ वायरल | मुंबई से गोवा जाने वाली तेजस ट्रेन | tejas train video | tejas train | 
 +->  Fact Check: इंग्लैंड की ट्रेन ऑफ़ लाइट्स का वीडियो तेजस ट्रेन के नाम से हुआ वायरल

 -->  0.849 339 misleading image of stone pelting on tejas train is getting viral on social media | तेजस एक्सप्रेस की टूटी हुई खिड़कियों की यह फोटो 2017 की है, 2019 की नहीं | यह तस्वीरें लखनऊ से दिल्ली शुरू हुई तेजस एक्सप्रेस की हैं। | tejas express accident | train | delhilucknow,tejas express
 +->  Fact Check: तेजस एक्सप्रेस की टूटी हुई खिड़कियों की यह फोटो 2017 की है, 2019 की नहीं

 -->  0.684 5224 6 year old pic of jharkhand train being shared as vande bharat express with misleading claim | 6-year-old pic of jharkhand train being shared as vande bharat express with misleading claim | thiruvananthapuram-kasaragod vande bharat train had reported a water leak on arrival in kannur | vande bharat express picture | vande bharat express | vande bharat,vande bharat express train
 +->  Fact Check: 6-Year-Old Pic of Jharkhand train being shared as Vande Bharat Express with misleading claim

 -->  0.632 4282 video viral with false claim of stopping the sadbhavna express by chain pulling | सद्भावना एक्सप्रेस में चेन पुलिंग की घटना के बाद रुकी थी ट्रेन, वायरल दावा गलत | एक और ट्रेन हादसा। कितनों की जान गई। | train accident |  | newssadbhavna express,sadbhavna express viral video,viral video
 +->  Fact Check : सद्भावना एक्सप्रेस में चेन पुलिंग की घटना के बाद रुकी थी ट्रेन, वायरल दावा गलत

 -->  0.616 7435 no accident of rajdhani express in kanpur viral post is fake | कानपुर में नहीं हुआ राजधानी एक्‍सप्रेस का एक्‍सीडेंट, पुरानी तस्‍वीरों से फैलाया जा रहा है झूठ |  |  |  | kanpur rajdhani express,rajdhani express
 +->  Fact Check : कानपुर में नहीं हुआ राजधानी एक्‍सप्रेस का एक्‍सीडेंट, पुरानी तस्‍वीरों से फैलाया जा रहा है झूठ

 -->  0.583 3408 6 year old picture of a jharkhand train being shared as vande bharat express | झारखंड की ट्रेन की 6 साल पुरानी तस्वीर को वंदे भारत एक्सप्रेस की बताकर किया जा रहा वायरल | वंदे भारत ट्रेन से पानी रसने की तस्वीर। | vande bharat express | tte | pm modi,vande bharat,vande bharat express train
 +->  Fact Check : झारखंड की ट्रेन की 6 साल पुरानी तस्वीर को वंदे भारत एक्सप्रेस की बताकर किया जा रहा वायरल

 -->  0.53 4331 vande bharat express train ticket examiner video misinformed as loco pilot | वंदे भारत की tte के वीडियो को लोको पायलट का बताकर किया जा रहा शेयर | वंदे भारत ट्रेन की लोको पायलट का वीडियो। | vande bharat tte | tte | loco pilot,vande bharat express train,vande bharat train,vende bharat tte video
 +->  Fact check : वंदे भारत की TTE के वीडियो को लोको पायलट का बताकर किया जा रहा शेयर

 -->  0.507 2076 images of snakes in plane is of aeromexico flight 2016 not of air india express | विमान में सांप मिलने की ये पुरानी तस्वीरें एयरोमैक्सिको फ्लाइट की हैं, एयर इंडिया की नहीं | ये तस्वीरें एयर इंडिया के विमान में मिले सांप की हैं। | snake found in air india express plane |  | aeromexico flight,air india express,dubai
 +->  Fact Check: विमान में सांप मिलने की ये पुरानी तस्वीरें एयरोमैक्सिको फ्लाइट की हैं, एयर इंडिया की नहीं

 -->  0.449 7074 viral post on migrant labourers exodus from tamil nadu fake video originally of palamu express | viral post on migrant labourers’ exodus from tamil nadu fake, video originally of palamu express | hindi-speaking labourers are fleeing tamil nadu in trains | migrant labourers exodus video | tamil nadu train | bihar,migrants,tamil nadu
 +->  Fact Check: Viral post on migrant labourers’ exodus from Tamil Nadu fake, video originally of Palamu Express

 -->  0.444 19 army jawans push train after fire in falaknuma express video viral with misleading claim | ट्रेन में आग लगने के बाद अन्य कोच को अलग करने के लिए लगाया था धक्का, भ्रामक दावा वायरल | वीडियो में ट्रेन को स्‍टार्ट करने के लिए लोग धक्‍का लगा रहे हैं। | indian railway | narendra modi | falaknuma express 12703,indian army,train no 12703,viral video
 +->  Fact Check: ट्रेन में आग लगने के बाद अन्य कोच को अलग करने के लिए लगाया था धक्का, भ्रामक दावा वायरल

 -->  0.441 5718 old pictures falsely shared as a railway accident in chhapra | old pictures falsely shared as a railway accident in chhapra | chhapra, anand vihar terminal exp collided | train accident | chhapra | ,
 +->  Fact Check: Old Pictures Falsely Shared As A Railway Accident In Chhapra

 -->  0.441 3900 viral video of stones on railway track is from udaipur jaipur vande bharat train incident not buxar bihar train accident | रेल ट्रैक पर पत्थर रखे होने का वीडियो उदयपुर-जयपुर वंदे भारत ट्रेन घटना का है, बक्सर हादसे का नहीं | यह वीडियो बक्सर में हुए नॉर्थ-ईस्ट एक्सप्रेस हादसे का है। | train |  | bihar train accident,bihar train accident fake video,buxar train accident,north east express accident,udaipur-jaipur vande bharat train incident,video of stones on railway track
 +->  Fact Check: रेल ट्रैक पर पत्थर रखे होने का वीडियो उदयपुर-जयपुर वंदे भारत ट्रेन घटना का है, बक्सर हादसे का नहीं

 -->  0.404 5090 old video of hyderabad train crash going viral in the name of odisha train accident | old video of hyderabad train crash going viral in the name of odisha train accident | odisha train accident | accident | train | indian railway,odisha train accident,train accident
 +->  Fact-Check: Old video of Hyderabad train crash going viral in the name of Odisha train accident

 -->  0.392 3247 viral video of pm modi greeting from tejas aircraft in the sky is edited | आसमान में अभिवादन करते पीएम मोदी का वायरल वीडियो एडिटेड | आसमान में अभिवादन करते पीएम मोदी | greeting | pm modi | ,m modi tejash video,modi viral photos,pm modi edited video
 +->  Fact Check: आसमान में अभिवादन करते पीएम मोदी का वायरल वीडियो एडिटेड



######################################## Ensemble ########################################
QUERY: Cow Attack Faridabad
Total #docs for running bertscore: 25
len0 2	len1 25	len2 25	
Query time in s: 0.138
Num res: 3
Percent Match 1.0
 -->  1.0 5072 video of cow attacking a schoolgirl is from chennai not faridabad | video of cow attacking a schoolgirl is from chennai, not faridabad | cow attacked a girl child in faridabad | cow attack | faridabad | cow,cow attack,faridabad
 +->  Fact Check: Video Of Cow Attacking A Schoolgirl Is From Chennai, Not Faridabad

 -->  0.909 4199 this video of cow attacking a schoolgirl is from chennai not faridabad | स्कूली छात्रा पर गाय के हमला करने का यह वीडियो फरीदाबाद नहीं, चेन्नई का है | फ़रीदाबाद में गाय ने एक बच्ची पर हमला किया। | cow attack | no | chennai cow attacke,chennai video,cow attacke,faridabad,tamilnadu video
 +->  Fact Check: स्कूली छात्रा पर गाय के हमला करने का यह वीडियो फरीदाबाद नहीं, चेन्नई का है

 -->  0.486 8268 a cisf mock drill at faridabad metro station is being shared with false claim of capturing a terrorist | फरीदाबाद मेट्रो स्टेशन पर आतंकी को गिरफ्तार किए जाने का दावा अफवाह, मॉक ड्रिल का वीडियो गलत दावे से वायरल |  |  |  | cisf mock drill at faridabad metro stationfaridabad metro,faridabad terrorist
 +->  Fact Check: फरीदाबाद मेट्रो स्टेशन पर आतंकी को गिरफ्तार किए जाने का दावा अफवाह, मॉक ड्रिल का वीडियो गलत दावे से वायरल



######################################## Ensemble ########################################
QUERY: virat kohli
Total #docs for running bertscore: 28
len0 25	len1 24	len2 25	
Query time in s: 0.14
Num res: 11
Percent Match 1.0
 -->  1.0 5190 virat kohli has not announced his retirement from cricket | virat kohli has not announced his retirement from cricket | virat kohli announces retirement | virat kohli retirement | virat kohli | viral video,virat kohli,virat kohli retirement
 +->  Fact Check: Virat Kohli has not announced his retirement from cricket

 -->  0.814 3768 indian batsman virat kohli has not retired from cricket | भारतीय बल्लेबाज़ विराट कोहली ने क्रिकेट से नहीं लिया संन्यास | विराट कोहली ने क्रिकेट से लिया संन्यास। | kohli retirement | virat kohli | ,virat kohli,virat kohli old video,virat kohli retirement
 +->  Fact Check : भारतीय बल्लेबाज़ विराट कोहली ने क्रिकेट से नहीं लिया संन्यास

 -->  0.741 3589 viral picture of pakistani supporters demanding virat kohli is edited | विराट कोहली की मांग करती पाकिस्तानी समर्थकों की वायरल तस्वीर एडिटेड है | we don’t want kashmir. give us virat kohli. | kashmir deamnd kohli | virat kohli | indian cricket team,kashmir,virat kohli,virat kohli edited photo
 +->  Fact Check: विराट कोहली की मांग करती पाकिस्तानी समर्थकों की वायरल तस्वीर एडिटेड है

 -->  0.693 3229 viral kohlis photo taken with a fan is being shared as his daughters | विराट कोहली की फैन के साथ ली गई तस्वीर को किया जा रहा उनकी बेटी का बताते हुए वायरल | विराट कोहली अपनी बेटी के साथ | virat kohli with duaghter | virat kohli | cricketer virat kohli,virat kohli,virat kohli daughter image,virat kohli news
 +->  Fact Check: विराट कोहली की फैन के साथ ली गई तस्वीर को किया जा रहा उनकी बेटी का बताते हुए वायरल

 -->  0.619 8467 virat kohli not given any statement on captain rohit sharma viral news in false | रोहित शर्मा को लेकर विराट कोहली ने नहीं दिया बयान, फर्जी है वायरल पोस्ट |  |  |  | ,virat kohli ,virat kohli on rohit sharma,virat kohli viral statement
 +->  Fact Check: रोहित शर्मा को लेकर विराट कोहली ने नहीं दिया बयान, फर्जी है वायरल पोस्ट

 -->  0.589 3243 this picture is not of virat kohlis daughter vamika but of harbhajan singhs daughter hinaya | विराट कोहली की बेटी वामिका की नहीं,हरभजन सिंह की बेटी हिनाया की है यह तस्वीर | तस्वीर में विराट कोहली के साथ उनकी बेटी वामिका है। | virat kohli daughter | vamika kohli | cricketer virat kohli,virat kohli,virat kohli daughter image,virat kohli news
 +->  Fact Check : विराट कोहली की बेटी वामिका की नहीं,हरभजन सिंह की बेटी हिनाया की है यह तस्वीर

 -->  0.565 3230 this photo of virat kohli and mohammad siraj is from the year 2018 | विराट कोहली और मोहम्मद सिराज की यह फोटो वर्ष 2018 की है | विराट कोहली मोहम्मद सिराज के घर पहुंचे। | virat kohli | mohammad siraj | cricketer virat kohli,indian cricket team,indian cricketer,mohammed siraj,siraj photo,virat kohli
 +->  Fact Check : विराट कोहली और मोहम्मद सिराज की यह फोटो वर्ष 2018 की है

 -->  0.554 4567 fake post getting viral in the name of virat kohli | fake post getting viral in the name of virat kohli | some people could be seen holding a green-colored banner. the banner has a text written on it: we don’t want kashmir give us virat kohli | virat kohli text on banner | virat kohli | kashmir,pakistan
 +->  Fact Check: Fake post getting viral in the name of Virat Kohli

 -->  0.497 5202 viral picture of elvish yadav with virat kohli is edited shared with misleading claim | viral picture of elvish yadav with virat kohli is edited, shared with misleading claim | elvish yadav met virat kohli after winning bigg boss | elvish yadav meet virat kohli | elvish yadav | bigg boss,bigg boss ott,elvish yadav,virat kohli
 +->  Fact Check: Viral Picture Of Elvish Yadav With Virat Kohli Is Edited, Shared With Misleading Claim

 -->  0.491 7028 no virat kohli has not been banned from ipl 2023 after a scuffle with gautam gambhir | ipl 2023 से विराट कोहली को बैन करने का दावा फेक, bcci ने लगाया है जुर्माना | विराट कोहली को आईपीएल 2023 के लिए किया गया प्रतिबंधित। | virat kohli banned for ipl | virat kohli | gautam gambhir,ipl 2023,virat kohli,virat vs gambhir
 +->  Fact Check: IPL 2023 से विराट कोहली को बैन करने का दावा फेक, BCCI ने लगाया है जुर्माना

 -->  0.472 3881 virat kohli parody account welcome pakistani cricket team not original twitter account | विराट कोहली के नाम से बने पैरोडी अकाउंट से की गई पाकिस्तानी टीम को लेकर पोस्ट | विराट कोहली ने पोस्ट कर पाकिस्तानी क्रिकेट टीम को पार्टी देने की बात कही। | virat kohli | virat kohli | cricket world cup 2023,india,pakistan cricket team,twitter,virat kohli
 +->  Fact Check: विराट कोहली के नाम से बने पैरोडी अकाउंट से की गई पाकिस्तानी टीम को लेकर पोस्ट



######################################## Ensemble ########################################
QUERY: rahul gandhi
Total #docs for running bertscore: 35
len0 25	len1 25	len2 25	
Query time in s: 0.149
Num res: 12
Percent Match 0.833
 -->  0.833 5158 rahul gandhi never said he or his family is muslim edited breaking plate viral | rahul gandhi never said he or his family is muslim, edited breaking plate viral | rahul gandhi said he is a muslim | rahul gandhi family | rahul gandhi | ,rahul gandhi
 +->  Fact Check: Rahul Gandhi Never Said He Or His Family Is Muslim, Edited Breaking Plate Viral

 -->  0.832 4537 rahul gandhi was not reading kannada newspaper | rahul gandhi was not reading kannada newspaper | a person, who can’t read hindi properly, is pretending to read kannada. | rahul gandhi kannada news paper | rahul gandhi | national herald,rahul gandhi
 +->  Fact Check: Rahul Gandhi was not reading Kannada Newspaper

 -->  0.77 5150 edited photos of rahul gandhi with badge number 420 going viral | edited photos of rahul gandhi with badge number 420 going viral | rahul gandhi seen wearing a red shirt with the number 420 on his badge | rahul gandhi | rahul gandhi | bharat jodo yatrarahul gandhi
 +->  Fact Check: Edited Photos Of Rahul Gandhi With Badge Number 420 Going Viral

 -->  0.768 5133 viral post falsely claims rahul gandhi met maker of bbc documentary | viral post falsely claims rahul gandhi met maker of bbc documentary | rahul gandhi met maker of bbc documentary | bbc documentary | rahul gandhi | bbc,rahul gandhi
 +->  Fact Check: Viral post falsely claims Rahul Gandhi met maker of BBC documentary

 -->  0.708 5143 viral photo of rahul gandhi altered chicken and alcohol added to it | viral photo of rahul gandhi altered, chicken and alcohol added to it | rahul gandhi drinking alcohol and eating meat. | rahul gandhichicken and alcohol | rahul gandhi | bharat jodo yatrarahul gandhi
 +->  Fact Check: Viral photo of Rahul Gandhi altered, chicken and alcohol added to it

 -->  0.564 321 rahul gandhis image with garland is photoshopped | राहुल गांधी की फोटोशॉप तस्वीर की जा रही वायरल | कोई बताएगा कि ये कब हुआ | rahul gandhi dead | rahul gandhi | alka lamba,rahul gandhi
 +->  Fact Check: राहुल गांधी की फोटोशॉप तस्वीर की जा रही वायरल

 -->  0.503 4923 rahul gandhis viral video about unemployed eagles in bjps tenure is altered and fake | rahul gandhi did not blame bjp for unemployment, viral video is altered and fake | rahul gandhi on joblessness of eagles during bjp’s tenure in the country | rahul gandhi's remarks | rahul gandhi | bharat jodo yatra,narendra modi,rahul gandhi,rahul gandhi rally
 +->  Fact Check: Rahul Gandhi did not blame BJP for unemployment, viral video is altered and fake

 -->  0.479 3455 viral edited poster related to rahul gandhi | राहुल गांधी से जुड़ा एडिटेड पोस्‍टर वायरल | मेरी औरत, राहुल जी की औरत | politics | rahul gandhi | ,madhya pradesh,rahul gandhi
 +->  Fact Check : राहुल गांधी से जुड़ा एडिटेड पोस्‍टर वायरल

 -->  0.423 4584 image of rahul gandhi and spanish actress gets viral with false claim | image of rahul gandhi with spanish actress gets viral with false claim | rahul gandhi with spanish actress in the image | rahul gandhi with a spanish actress | rahul gandhi | 
 +->  FACT CHECK: Image of Rahul Gandhi with Spanish actress gets viral with false claim

 -->  0.421 4978 rahul gandhi picture linked with kanhaiyalals murder is edited | rahul gandhi picture linked with kanhaiyalal’s murder accused is edited | rahul gandhi picture linked with kanhaiyalal’s murder accused | kanhaiyalal’s murder accused | rahul gandhi | ,kanhaiyalal,rahul gandhi,udaipur
 +->  Fact Check: Rahul Gandhi Picture linked with Kanhaiyalal’s murder accused is edited

 -->  0.41 6874 photoshopped image of rahul gandhi being viral on social media with false claim | बैंकॉक के मसाज पार्लर की फोटो को एडिट कर जोड़ा गया राहुल गांधी का चेहरा | rahul gandhi getting massage in bangkok | rahul gandhi getting massage in bangkok | rahul gandhi | chuwit kamolvisitrahul gandhi,rahul gandhi bangkok
 +->  Fact Check: बैंकॉक के मसाज पार्लर की फोटो को एडिट कर जोड़ा गया राहुल गांधी का चेहरा

 -->  0.404 5697 viral video of rahul gandhi misleading congress leader did not say this about farmers | viral video of rahul gandhi misleading, congress leader did not say this about farmers | congress’s thinking, rahul gandhi betrayed the farmers. | farmers | rahul gandhi | ,rahul gandhi
 +->  Fact Check: Viral Video Of Rahul Gandhi Misleading, Congress Leader Did Not Say This About Farmers



######################################## Ensemble ########################################
QUERY: rahul gandhi drinking
Total #docs for running bertscore: 34
len0 25	len1 25	len2 25	
Query time in s: 0.147
Num res: 14
Percent Match 0.849
 -->  0.849 5158 rahul gandhi never said he or his family is muslim edited breaking plate viral | rahul gandhi never said he or his family is muslim, edited breaking plate viral | rahul gandhi said he is a muslim | rahul gandhi family | rahul gandhi | ,rahul gandhi
 +->  Fact Check: Rahul Gandhi Never Said He Or His Family Is Muslim, Edited Breaking Plate Viral

 -->  0.812 5143 viral photo of rahul gandhi altered chicken and alcohol added to it | viral photo of rahul gandhi altered, chicken and alcohol added to it | rahul gandhi drinking alcohol and eating meat. | rahul gandhichicken and alcohol | rahul gandhi | bharat jodo yatrarahul gandhi
 +->  Fact Check: Viral photo of Rahul Gandhi altered, chicken and alcohol added to it

 -->  0.752 4537 rahul gandhi was not reading kannada newspaper | rahul gandhi was not reading kannada newspaper | a person, who can’t read hindi properly, is pretending to read kannada. | rahul gandhi kannada news paper | rahul gandhi | national herald,rahul gandhi
 +->  Fact Check: Rahul Gandhi was not reading Kannada Newspaper

 -->  0.737 5133 viral post falsely claims rahul gandhi met maker of bbc documentary | viral post falsely claims rahul gandhi met maker of bbc documentary | rahul gandhi met maker of bbc documentary | bbc documentary | rahul gandhi | bbc,rahul gandhi
 +->  Fact Check: Viral post falsely claims Rahul Gandhi met maker of BBC documentary

 -->  0.726 5150 edited photos of rahul gandhi with badge number 420 going viral | edited photos of rahul gandhi with badge number 420 going viral | rahul gandhi seen wearing a red shirt with the number 420 on his badge | rahul gandhi | rahul gandhi | bharat jodo yatrarahul gandhi
 +->  Fact Check: Edited Photos Of Rahul Gandhi With Badge Number 420 Going Viral

 -->  0.554 4923 rahul gandhis viral video about unemployed eagles in bjps tenure is altered and fake | rahul gandhi did not blame bjp for unemployment, viral video is altered and fake | rahul gandhi on joblessness of eagles during bjp’s tenure in the country | rahul gandhi's remarks | rahul gandhi | bharat jodo yatra,narendra modi,rahul gandhi,rahul gandhi rally
 +->  Fact Check: Rahul Gandhi did not blame BJP for unemployment, viral video is altered and fake

 -->  0.515 321 rahul gandhis image with garland is photoshopped | राहुल गांधी की फोटोशॉप तस्वीर की जा रही वायरल | कोई बताएगा कि ये कब हुआ | rahul gandhi dead | rahul gandhi | alka lamba,rahul gandhi
 +->  Fact Check: राहुल गांधी की फोटोशॉप तस्वीर की जा रही वायरल

 -->  0.469 678 rahul gandhi with spanish actress not with her wife old image going viral on social media with fake claim | विदेशी महिला के साथ राहुल गांधी की तस्वीर फर्जी दावे के साथ हो रही वायरल | विदेश में शादी कर बसेंगे राहुल गांधी | rahul gandhi to settle in foreign | rahul gandhi, rahul gandhi with women | rahul gandhi,rahul gandhi fake pic,rahul gandhi us visit
 +->  Fact Check: विदेशी महिला के साथ राहुल गांधी की तस्वीर फर्जी दावे के साथ हो रही वायरल

 -->  0.459 4942 rahul gandhi did not turn his back on the journalists question edited video viral | rahul gandhi did not turn his back on the journalist’s question, edited video viral | when rahul gandhi was asked by the journalist to show the poster from behind, he showed his back. | congress leader | rahul gandhi | agriculture bill, president rahul gandhi,rahul gandhi
 +->  Fact Check: Rahul Gandhi did not turn his back on the journalist’s question, edited video viral

 -->  0.456 4978 rahul gandhi picture linked with kanhaiyalals murder is edited | rahul gandhi picture linked with kanhaiyalal’s murder accused is edited | rahul gandhi picture linked with kanhaiyalal’s murder accused | kanhaiyalal’s murder accused | rahul gandhi | ,kanhaiyalal,rahul gandhi,udaipur
 +->  Fact Check: Rahul Gandhi Picture linked with Kanhaiyalal’s murder accused is edited

 -->  0.426 6874 photoshopped image of rahul gandhi being viral on social media with false claim | बैंकॉक के मसाज पार्लर की फोटो को एडिट कर जोड़ा गया राहुल गांधी का चेहरा | rahul gandhi getting massage in bangkok | rahul gandhi getting massage in bangkok | rahul gandhi | chuwit kamolvisitrahul gandhi,rahul gandhi bangkok
 +->  Fact Check: बैंकॉक के मसाज पार्लर की फोटो को एडिट कर जोड़ा गया राहुल गांधी का चेहरा

 -->  0.419 5697 viral video of rahul gandhi misleading congress leader did not say this about farmers | viral video of rahul gandhi misleading, congress leader did not say this about farmers | congress’s thinking, rahul gandhi betrayed the farmers. | farmers | rahul gandhi | ,rahul gandhi
 +->  Fact Check: Viral Video Of Rahul Gandhi Misleading, Congress Leader Did Not Say This About Farmers

 -->  0.414 4584 image of rahul gandhi and spanish actress gets viral with false claim | image of rahul gandhi with spanish actress gets viral with false claim | rahul gandhi with spanish actress in the image | rahul gandhi with a spanish actress | rahul gandhi | 
 +->  FACT CHECK: Image of Rahul Gandhi with Spanish actress gets viral with false claim

 -->  0.39 4687 edited photo of rahul gandhi is viral with fake claim | edited photo of rahul gandhi is viral with fake claim | have you ever seen such blood donation? …this is the new way of donating blood | blood donatio | rahul gandhi | blood donation,rahul gandhi,rahul gandhi picture
 +->  Fact Check: Edited photo of Rahul Gandhi Is Viral with fake claim



######################################## Ensemble ########################################
QUERY: beef mcdonald
Total #docs for running bertscore: 27
len0 9	len1 25	len2 25	
Query time in s: 0.124
Num res: 8
Percent Match 0.944
 -->  0.944 8498 viral picture of mcdonalds beef themed logo is fake has been generated using ai | viral picture of mcdonald’s beef-themed logo is fake, has been generated using ai |  |  |  | artificial intelligence
 +->  Fact Check: Viral Picture Of McDonald’s Beef-Themed Logo Is Fake, Has Been Generated Using AI

 -->  0.819 4484 post claiming that nestle accepts adding juice of beef in kitkat is fake | post claiming that nestle accepts adding juice of beef in kitkat is fake | nestle accepts adding juice of beef in kitkat | kitkat contains beef | kitkat and nestle | 
 +->  Fact Check: Post claiming that Nestle accepts adding juice of beef in KitKat is fake

 -->  0.814 8510 ai created mcdonald new beef themed logo goes viral with false claim | गोमांस की थीम पर बने मैकडॉनल्ड्स के नए लोगो के दावे के साथ वायरल तस्वीर ai क्रिएटेड है |  |  |  | artificial intelligence,mcdonald's fake new logo,mcdonald's new logo
 +->  Fact Check: गोमांस की थीम पर बने मैकडॉनल्ड्स के नए लोगो के दावे के साथ वायरल तस्वीर AI क्रिएटेड है

 -->  0.672 6026 maggi is not selling beef flavoured noodles in india fake post viral | बीफ फ्लेवर लिखा हुआ मैगी का पैकेट ऑस्ट्रेलिया का है, इसे भारत में नहीं बेचा जाता है | amaan virani av | रामदेव की पतंजलि कंपनी बेचती है बीफ मसाला | patanjali sells beef masala | beef,maggi,nestle india
 +->  Fact check: बीफ फ्लेवर लिखा हुआ मैगी का पैकेट ऑस्ट्रेलिया का है, इसे भारत में नहीं बेचा जाता है

 -->  0.601 5323 no this food outlet isnt offering two free big mac meals viral link is a scam | no, this food outlet isn’t offering two free big mac meals, viral link is a scam | mcdonald's has announced that everyone who shares this link will receive 2 free mcfamily box | free offer | mcdonald's | scam
 +->  Fact Check: No, this food outlet isn’t offering two free Big Mac Meals, viral link is a scam

 -->  0.575 5944 beef flavored maggi noodle is not sold in india photo from australia viral with misleading claim | बीफ फ्लेवर लिखा हुआ मैगी का पैकेट ऑस्ट्रेलिया का है, इसे भारत में नहीं बेचा जाता है; भ्रामक पोस्ट फिर वायरल | मैगी में #गोमांस का फ्लेवर डालना #शुरू कर दिया 😡😡#मैगीकाबहिष्कार_करो | beef in maggie | vegitarians | beef maggi,maggi,maggi noodles
 +->  Quick Fact Check: बीफ फ्लेवर लिखा हुआ मैगी का पैकेट ऑस्ट्रेलिया का है, इसे भारत में नहीं बेचा जाता है; भ्रामक पोस्ट फिर वायरल

 -->  0.541 6358 ramdevs patanjali company does not sell beef masala photo is attested | रामदेव की पतंजलि कंपनी नहीं बेचती है बीफ मसाला, एडिटेड है तस्‍वीर | रामदेव की पतंजलि कंपनी बेचती है बीफ मसाला | patanjali sells beef masala | ramdev | baba ramdev,patanjali,patanjali ayurved,patanjali beef masala,patanjali chicken masala,patanjali products,ramdev
 +->  Fact check: रामदेव की पतंजलि कंपनी नहीं बेचती है बीफ मसाला, एडिटेड है तस्‍वीर

 -->  0.476 5107 all cadbury products made and sold in india are vegetarian misleading claim goes viral | all cadbury products made and sold in india are vegetarian; misleading claim goes viral | cadbury has announced that all its products contain halal-certified beef | cadbury products | india | cadbury,cadbury india
 +->  Fact Check: All Cadbury products made and sold in India are vegetarian; misleading claim goes viral



######################################## Ensemble ########################################
QUERY: Akhilesh Yadav
Total #docs for running bertscore: 30
len0 25	len1 25	len2 25	
Query time in s: 0.15
Num res: 14
Percent Match 0.923
 -->  0.923 5036 edited video of akhilesh yadav goes viral with the false claim | edited video of akhilesh yadav goes viral with the false claim | sp leader akhilesh yadav | akhilesh yadav accepted defeat | akhilesh yadav | assembly elections 2022,
 +->  Fact Check: Edited video of Akhilesh Yadav goes viral with the false claim

 -->  0.795 4928 viral photo of akhilesh yadav wearing shoes at fathers funeral is misleading | viral photo of akhilesh yadav wearing shoes during his father’s funeral is misleading | akhilesh yadav wore shoes during his father's funeral | mulayam singh yadav's funeral | akhilesh yadav | akhilesh yadav,mulayam singh yadav,mulayam singh yadav's funeral,samajwadi party,samajwadi party ,samajwadi party leader,samajwadi party news
 +->  Fact Check: Viral photo of Akhilesh Yadav wearing shoes during his father’s funeral is misleading

 -->  0.712 3035 edited video of akhilesh yadav went viral with false claim | अखिलेश यादव का एडिटेड वीडियो गलत दावे के साथ हुआ वायरल | अखिलेश यादव ने विधानसभा चुनाव में अपनी हार स्वीकार कर ली है। | akhilesh yadav accepted defeat | akhilesh yadav | akhilesh yadav,akhilesh yadav fake statement,akhilesh yadav video,assembly election,assembly elections 2022,samajwadi party,samajwadi party leader,up assembly elections 2022,uttar pradesh assembly elections 2022
 +->  Fact Check: अखिलेश यादव का एडिटेड वीडियो गलत दावे के साथ हुआ वायरल

 -->  0.657 3196 akhilesh yadav and tej pratap yadav edited image viral with fake claim | तेज प्रताप के साथ अखिलेश यादव की एडिटेड फोटो हुई वायरल | तेज प्रताप के साथ में रिंच लेकर खड़े हैं अखिलेश यादव | edited image | akhilesh yadav, tej pratap yadav | akhilesh yadav and tej pratap yadav image,akhilesh yadav edited image,
 +->  Fact Check: तेज प्रताप के साथ अखिलेश यादव की एडिटेड फोटो हुई वायरल

 -->  0.556 626 akhilesh ydav never said that he will conver to islam | अखिलेश यादव का इस्लाम को लेकर वायरल बयान फर्जी है | यदि योगी ने मुझे परेशान करना नहीं छोड़ा तो मैं इस्लाम कबूल कर लूँगा। | akhilesh yadav praised islam | akhilesh yadav | akhilesh yadav,convert to islam,islam,yogi
 +->  Fact Check: अखिलेश यादव का इस्लाम को लेकर वायरल बयान फर्जी है

 -->  0.542 7619 obama did not make any tweet of akhilesh yadav | ओबामा ने अखिलेश यादव को लेकर नहीं किया कोई tweet |  |  |  | akhilesh yadav,barack obama
 +->  Fact Check : ओबामा ने अखिलेश यादव को लेकर नहीं किया कोई Tweet

 -->  0.542 1032 fake tweet attributed to akhilesh yadav is resurfaces again on social media | राम मंदिर निर्माण को लेकर अखिलेश यादव के नाम वाला फर्जी ट्वीट फिर से वायरल | अखिलेश यादव ने किया राम मंदिर निर्माण के खिलाफ ट्वीट | akhilesh yadav tweeted that if our government were in power,i would never allow a ram temple to be built. | akhilesh yadav, ram temple, ram mandir construction | akhilesh yadav,akhilesh yadav fake tweet,akhilesh yadav on ram temple
 +->  Quick Fact Check: राम मंदिर निर्माण को लेकर अखिलेश यादव के नाम वाला फर्जी ट्वीट फिर से वायरल

 -->  0.51 2260 akhilesh yadav did not wear shoes at fathers funeral picture goes viral with misleading claim | पिता के अंतिम संस्कार के समय अखिलेश यादव ने नहीं पहने थे जूते, तस्वीर भ्रामक दावे के साथ वायरल | अखिलेश यादव ने पिता के अंतिम संस्कार में पहने थे जूते। | mulayam singh yadav's funeral | akhilesh yadav | akhilesh yadav,akhilesh yadav jaya bachchan,mulayam singh yadav,samajwadi party
 +->  Fact Check: पिता के अंतिम संस्कार के समय अखिलेश यादव ने नहीं पहने थे जूते, तस्वीर भ्रामक दावे के साथ वायरल

 -->  0.481 5063 akhilesh yadav and yogi adityanaths 2017 photo going viral with false claims | akhilesh yadav and yogi adityanath’s 2017 photo going viral with false claims | yogi adityanath has aligned himself with akhilesh yadav and is actively supporting the samajwadi party in madhya pradesh. | campaigning for sp | yogi adityanath | akhilesh yadav,yogi adityanath
 +->  Fact Check: Akhilesh Yadav And Yogi Adityanath’s 2017 Photo Going Viral With False Claims

 -->  0.455 3783 samajwadi party akhilesh yadav fake poster viral again | सपा अध्‍यक्ष अखिलेश यादव के नाम से फर्जी पोस्‍टर फिर से वायरल | अखिलेश यादव ने पश्चिमी यूपी और पूर्वांचल में 2000 नई मस्जिदें बनाने का वादा किया है। | samajwadi party | akhilesh yadav | akhilesh yadav,samajwadi party
 +->  Fact Check: सपा अध्‍यक्ष अखिलेश यादव के नाम से फर्जी पोस्‍टर फिर से वायरल

 -->  0.437 2258 ndtv fake tweet related to akhilesh yadav after mulayam singh death viral | मुलायम सिंह के निधन के बाद अखिलेश यादव ने नहीं दिया यह बयान, फर्जी ट्वीट वायरल | एनडीटीवी ने किया ट्वीट, मुलायम के निधन के बाद अखिलेश ने मुंडन कराने और पिंडदान करने से मना किया। | statement after mulayam singh death | akhilesh yadav | akhilesh yadav,akhilesh yadav tweet,mulayam singh yadav
 +->  Fact Check: मुलायम सिंह के निधन के बाद अखिलेश यादव ने नहीं दिया यह बयान, फर्जी ट्वीट वायरल

 -->  0.437 5030 old picture of mulayam and akhilesh with cm yogi viral with wrong claim | old picture of mulayam and akhilesh with cm yogi viral with wrong claim | mulayam singh yadav along with his family visited yogi adityanath and congratulated him. | mulayam and akhilesh yadav meet cm yogi | akhilesh yadav | akhilesh yadav,akhilesh yadav newscm yogi adityanath,up cm yogi adityanath
 +->  Fact Check: Old picture of Mulayam and Akhilesh with CM Yogi viral with wrong claim

 -->  0.431 2346 samajwadi party leader manish is giviing cake to mulayam singh photo not akhilesh yadav | मुलायम सिंह की फोटो को केक खिलाने वाले शख्स अखिलेश यादव नहीं, सपा नेता मनीष हैं | जिंदा बाप को फोटो में मिठाई खिलाने का काम तो कोई महापुरुष ही कर सकता है। | cake to mualayam singh yadav photo | akhilesh yadav | akhilesh yadav,mulayam singh birthday,samajwadi party
 +->  Fact Check: मुलायम सिंह की फोटो को केक खिलाने वाले शख्स अखिलेश यादव नहीं, सपा नेता मनीष हैं

 -->  0.418 3209 akhilesh yadav did not support bjp in lok sabha election 2024 | 2024 चुनाव के लिए अखिलेश यादव ने नहीं किया bjp का समर्थन, वायरल वीडियो एडिटेड | अखिलेश यादव ने साफ कर दिया 2023 में कमल ही खिलेगा। | loksabha election 2024 | akhilesh yadav | akhilesh yadav,akhilesh yadav on ,lok sabha election,lok sabha election 2023
 +->  Fact Check: 2024 चुनाव के लिए अखिलेश यादव ने नहीं किया BJP का समर्थन, वायरल वीडियो एडिटेड



######################################## Ensemble ########################################
QUERY: आलू से सोना
Total #docs for running bertscore: 32
len0 8	len1 25	len2 25	
Query time in s: 0.224
Num res: 8
Percent Match 0.828
 -->  0.828 6731 bharat jodo yatras rahul gandhis incomplete statement on money from the pump made viral with fake claim | राहुल गांधी के ‘पंप से पैसा निकालने’ वाले बयान के अधूरे वीडियो को वायरल कर किया जा रहा दुष्प्रचार | ‘आलू से सोना के बाद पेश है इटेलियन वैज्ञानिक का एक ओर अविष्कार पंप से पैसा। | bharat jodo yatra | rahul gandhi | bharat jodo yatra,narendra modi,rahul gandhi,rss
 +->  Fact Check : राहुल गांधी के ‘पंप से पैसा निकालने’ वाले बयान के अधूरे वीडियो को वायरल कर किया जा रहा दुष्प्रचार

 -->  0.667 8655 an altered video clip of pm modi is being shared with the false claim about gold can be made from potato | “आलू से सोना” बनाए जाने के दावे के साथ वायरल pm मोदी का वीडियो एडिटेड और ऑल्टर्ड है |  |  |  | aaloo sona machine,narendra modi,rahul gandhi
 +->  Fact Check: “आलू से सोना” बनाए जाने के दावे के साथ वायरल PM मोदी का वीडियो एडिटेड और ऑल्टर्ड है

 -->  0.516 655 no modi govt did not secretly transferred 200 tonnes of gold from india in 2014 congress misleads about india gold reserve | 2014 में सरकार ने विदेश नहीं भेजा 200 टन सोना, वायरल हो रहा दावा गलत | 2014 में सरकार ने विदेश भेजा 200 टन सोना, | in 2014, the government secretly transferred 200 tonnes of gold | rbi, gold, modi govt | claimgold reserve,rbi gold reserve
 +->  Fact Check: 2014 में सरकार ने विदेश नहीं भेजा 200 टन सोना, वायरल हो रहा दावा गलत

 -->  0.516 7046 post claiming modi govt secretly transported 200 tonnes of gold out of india is baseless | rbi के रिजर्व से 200 टन सोना विदेश भेजे जाने का दावा गलत, फिर से सोशल मीडिया पर वायरल हुए फेक दावा | rbi ने विदेश में भेजा 200 टन सोना। | rbi sent 200 tonnes of gold abroad | narendra modi | gold reserve,rbi,rbi gold,rbi gold reserve
 +->  Fact Check: RBI के रिजर्व से 200 टन सोना विदेश भेजे जाने का दावा गलत, फिर से सोशल मीडिया पर वायरल हुए फेक दावा

 -->  0.511 4363 this video claiming to show ril csairperson mukesh ambani is a deepfake | मुकेश अंबानी का यह वीडियो ai निर्मित है, इस स्कैम के झांसे में न आएं | मुकेश अंबानी ने एक निवेश योजना का समर्थन किया | ambani | फेसबुक यूजर सोना सुपर | artificial intelligence,deep fake,mukesh ambani,reliance,scam
 +->  Fact Check: मुकेश अंबानी का यह वीडियो AI निर्मित है, इस स्कैम के झांसे में न आएं

 -->  0.485 1291 bjp lose delhi elections by least margins is wrong | दिल्ली विधानसभा चुनावों में bjp के 8 सीटों पर 100 वोटों के अंतर से हारने का दावा गलत | दिल्ली में किसी भी विधानसभा सीट पर बीजेपी की हार का मार्जिन 100 वोट या उसके आस-पास भी नहीं था। | delhi elections | bjp | ,delhi ,delhi elections 2020
 +->  Fact Check: दिल्ली विधानसभा चुनावों में BJP के 8 सीटों पर 100 वोटों के अंतर से हारने का दावा गलत

 -->  0.452 7030 top trends in april | #factchecktrends: ai तस्वीरों से फेक दावों का जोर पकड़ता ट्रेंड, अप्रैल में कर्नाटक चुनाव समेत अन्य मुद्दों पर मिस-इन्फॉर्मेशन धड़ल्ले से वायरल |  |  |  | april trends,april factchecktrends, trends,factchecktrends,
 +->  #FactCheckTrends: AI तस्वीरों से फेक दावों का जोर पकड़ता ट्रेंड, अप्रैल में कर्नाटक चुनाव समेत अन्य मुद्दों पर मिस-इन्फॉर्मेशन धड़ल्ले से वायरल

 -->  0.418 2465 this picture of the players has nothing to do with the farmers movement the viral claim is false | खिलाडियों की इस तस्वीर का किसान आंदोलन से कोई संबंध नहीं, वायरल दावा गलत | ये फोटो किसान आंदोलन की है , ये तीनों पहलवान अब सोना जीतकर आए हैं। | farmer protest | rakesh tikait | bajrang punia,commonwealth games 2022,deepak puniakisan andolan,naveen malik,rakesh tikait,ravi kumar dahiya
 +->  Fact Check: खिलाडियों की इस तस्वीर का किसान आंदोलन से कोई संबंध नहीं, वायरल दावा गलत



######################################## Ensemble ########################################
QUERY: Rolls Royce Saudi Arabia.
Total #docs for running bertscore: 36
len0 23	len1 25	len2 25	
Query time in s: 0.169
Num res: 14
Percent Match 0.889
 -->  0.889 5113 no ban imposed on loudspeakers in saudi arabia viral claim is misleading | no ban imposed on loudspeakers in saudi arabia, viral claim is misleading | ban imposed on loudspeakers in saudi arabia | saudi arab on ramazan | saudi arab | loudspeaker,saudi arabia
 +->  Fact-Check: No ban imposed on loudspeakers in Saudi Arabia, viral claim is misleading

 -->  0.8 2135 no crown prince salman is not gifting rolls royce to saudi arabia football players | सऊदी अरब के हर खिलाड़ी को मैच जीतने पर गिफ्ट नहीं की जा रही रॉल्स रॉयस, वायरल दावा है फर्जी | सऊदी अरब की फ़ुटबॉल टीम के सभी खिलाड़ियों को rm6 rolls royce phantom दी जाएगी। | fifa world cup | mohammed bin salman al saud | argentina,argentina vs saudi arabiafifa world cup 2022
 +->  Fact Check: सऊदी अरब के हर खिलाड़ी को मैच जीतने पर गिफ्ट नहीं की जा रही रॉल्स रॉयस, वायरल दावा है फर्जी

 -->  0.791 4575 post claiming cars melted in saudi arabia due to extreme temperature is fake | post claiming cars melted in saudi arabia due to extreme temperature is fake | cars melted in saudi arabia due to extreme temperature | effects of extreme temperature | cars | arizona fire,heat wave,saudi arabia
 +->  Fact Check: Post claiming cars melted in Saudi Arabia due to extreme temperature is fake

 -->  0.749 8552 viral images of 2034 fifa world cup stadiums in saudi arabia are ai generated | सऊदी अरब में 2034 फीफा वर्ल्ड कप स्टेडियम के नाम से वायरल तस्वीरें ai क्रिएटेड हैं |  |  |  | 2034 fifa world cup stadium hoax,ai,ai images of saudi arabia stadiums,artificial intelligence,fake saudi arabia stadium images
 +->  Fact Check: सऊदी अरब में 2034 फीफा वर्ल्ड कप स्टेडियम के नाम से वायरल तस्वीरें AI क्रिएटेड हैं

 -->  0.726 4666 post claiming that saudi arabia ordered to behead six girls for celebrating birthday with boys is fake | post claiming that saudi arabia ordered to behead six girls for celebrating birthday with boys is fake | saudi arabia ordered six school girls to be beheaded for celebrating their birthday with boys. | laws against girls | saudi arab | saudi arabia
 +->  Fact check: Post claiming that Saudi Arabia ordered to behead six girls for celebrating birthday with boys is fake

 -->  0.545 2696 five years old news of saudi arabia bahrain cancel qatar airways licence viral again | 2017 में अरब देशों ने लगाया था कतर एयरवेज पर बैन, पुरानी खबर शेयर कर रहे लोग | गहराते राजनयिक संकट के बीच सऊदी अरब और बहरीन ने कतर एयरवेज का लाइसेंस रद्द कर दिया है। | ban on qatar airways | saudi arabia, bahrain | bahrainnupur sharma,qatar airways news,saudi arabia
 +->  Fact Check: 2017 में अरब देशों ने लगाया था कतर एयरवेज पर बैन, पुरानी खबर शेयर कर रहे लोग

 -->  0.508 3502 saudi arabia has not banned loudspeakers in mosques the claim is misleading | सऊदी अरब ने मस्जिदों के लाउडस्पीकर पर नहीं लगाया बैन, भ्रामक है दावा | सऊदी अरब में मस्जिद पर लाउडस्पीकर लगाने पर लगा बैन | saudi arab on ramazan | saudi arab | ,mosque,ramzan,saudi arab
 +->  Fact Check: सऊदी अरब ने मस्जिदों के लाउडस्पीकर पर नहीं लगाया बैन, भ्रामक है दावा

 -->  0.5 896 post claiming that saudi arabia ordered to behead six school girls for celebrating birthday with boys is fake | सऊदी अरब में नहीं हुई है ऐसी कोई घटना, वायरल दावा झूठा है | सऊदी अरब में छह स्कूली लड़कियों को लड़कों के साथ अपना जन्मदिन मनाने के लिए उनके सिर काटने का आदेश दिया गया है। | laws against girls | saudi arab | beheading,saudi arabia
 +->  Fact Check: सऊदी अरब में नहीं हुई है ऐसी कोई घटना, वायरल दावा झूठा है

 -->  0.448 4640 picture of female students wearing burqa passed off as kerala women police | picture of female students wearing burqa passed off as kerala women police | “don’t be shocked, this photo is not of saudi arabia but of the kerala police women. | woman in burka | kerala police | ,
 +->  Fact Check: Picture of Female Students Wearing Burqa Passed Off as Kerala Women Police

 -->  0.446 4496 these religious books were not found in bihar gutter old picture from saudi arabia is getting viral with wrong context | these religious books were not found in bihar gutter; old picture from saudi arabia is getting viral with wrong context | these religious books were found in bihar gutter | quran found in gutter | quran | quran,religious books
 +->  Fact Check: These religious books were not found in Bihar gutter; Old picture from Saudi Arabia is getting viral with wrong context

 -->  0.427 42 a viral image of a tennis court in al ula city of saudi arabia is not real but ai created | सऊदी अरब के अल-उला में बने टेनिस कोर्ट की तस्वीर काल्पनिक है | सऊदी अरब के अल-उला शहर में बने टेनिस कोर्ट की तस्वीर। | al ula tennis court | no | artificial intelligence
 +->  Fact Check: सऊदी अरब के अल-उला में बने टेनिस कोर्ट की तस्वीर काल्पनिक है

 -->  0.419 4522 no pm modi was not touching saudi kings feet | no, pm modi was not touching saudi king’s feet, viral picture is photoshopped | pm modi is touching saudi king's feet | saudi king image | narendra modi | ,pm modi,saudi king,viral photo
 +->  Fact Check: No, PM Modi Was Not Touching Saudi King’s Feet, Viral Picture Is Photoshopped

 -->  0.408 8349 a 2019 video of a brawl at a mosque situated in saudi arabian city is being shared as recent with a misleading claim | 2019 में सऊदी अरब में इफ्तार के दौरान हुई झड़प का वीडियो भ्रामक दावे से वायरल |  |  |  | ,fight during iftar,ramadan brawl,saudi arabia
 +->  Fact Check: 2019 में सऊदी अरब में इफ्तार के दौरान हुई झड़प का वीडियो भ्रामक दावे से वायरल

 -->  0.404 5949 old video of burka clad women thronging a store in saudi arabia viral as latest | सऊदी अरब में यह भीड़ कोरोना वायरस के चलते लॉकडाउन के बाद खरीददारी नहीं कर रही, 2019 का वीडियो गलत संदर्भ में वायरल | saudi arab shopping mall after lock down | thrash buying during covid 19 | saudi people | virus,covid19,covid2019,lockdown in india,lockdown in saudi arabia
 +->  Fact Check: सऊदी अरब में यह भीड़ कोरोना वायरस के चलते लॉकडाउन के बाद खरीददारी नहीं कर रही, 2019 का वीडियो गलत संदर्भ में वायरल



######################################## Ensemble ########################################
QUERY: ms dhoni
Total #docs for running bertscore: 30
len0 20	len1 25	len2 25	
Query time in s: 0.132
Num res: 16
Percent Match 0.737
 -->  0.737 4030 a fake picture viral name of chennai super kings and dhonis fans | चेन्‍नई सुपर किंग्‍स और धोनी के प्रशंसकों के नाम पर वायरल हुई विदेश की तस्‍वीर | महेंद्र सिंह धोनी के फैंस की तस्‍वीर | cricket | ms dhoni | cricket,ipl,ms dhoni,sports
 +->  Fact Check : चेन्‍नई सुपर किंग्‍स और धोनी के प्रशंसकों के नाम पर वायरल हुई विदेश की तस्‍वीर

 -->  0.735 5092 image from spain shared as that of chennai super kings and dhoni fans viral claim false | image from spain shared as that of chennai super kings and dhoni fans, viral claim false | people are more crazy about dhoni than the match | sports | ms dhoni | chennai super kings,dhoni,ipl 2023,mahendra singh dhoni
 +->  Fact Check: Image from Spain shared as that of Chennai Super Kings and Dhoni fans, viral claim false

 -->  0.718 3816 mahendra singh dhoni not donate to odisha train accident victims | धोनी ने नहीं किया ओडिशा ट्रेन हादसे के पीड़ितों की आर्थिक मदद का एलान | धोनी ने ट्रेन हादसे में घायल हुए लोगों के लिये अपनी आईपीएल की पूरी मैच फीस दान करने का एलान किया है। | ms dhoni | ms dhoni | ipl 2023,mahendra singh dhoni,odisha train accident,virendra sehwag
 +->  Fact Check: धोनी ने नहीं किया ओडिशा ट्रेन हादसे के पीड़ितों की आर्थिक मदद का एलान

 -->  0.7 3966 edited picture of ms dhoni touching sachin tendulkars feet is going viral | सचिन तेंदुलकर के पैर छूते धोनी की एडिटेड तस्वीर हो रही है वायरल | धोनी ने छुए सचिन तेंदुलकर के पैर। | ipl | dhoni | dhoni,ipl 2023,mahendra singh dhoni,sachin tendulkar
 +->  Fact Check : सचिन तेंदुलकर के पैर छूते धोनी की एडिटेड तस्वीर हो रही है वायरल

 -->  0.676 3761 virat kohli rohit sharma and ms dhoni not met to rishabh pant in dehradun hospital | ऋषभ पंत से अस्पताल में नहीं मिले कोहली, धोनी और रोहित शर्मा, फर्जी दावे वायरल | विराट कोहली ऋषभ पंत से मिलने के लिए देहरादून के अस्पताल पहुंचे। | rishabh pant accident | virat kohli, rohit sharma, mahendra singh dhoni | ms dhoni,rishabh pant,rohit sharma,virat kohli
 +->  Fact Check: ऋषभ पंत से अस्पताल में नहीं मिले कोहली, धोनी और रोहित शर्मा, फर्जी दावे वायरल

 -->  0.61 699 mahendra singh dhoni is not joining politics this claim is fake | महेंद्र सिंह धौनी नहीं ज्वाइन कर रहे हैं कोई राजनीतिक पार्टी | महेंद्र सिंह धौनी ज्वाइन bjp | dhoni joins bjp | mahendra singh dhoni | ,dhoni,election 2019
 +->  Fact Check: महेंद्र सिंह धौनी नहीं ज्वाइन कर रहे हैं कोई राजनीतिक पार्टी

 -->  0.542 4863 post claiming dhoni has adopted buddhism is fake photo of ad campaign going viral with fake claim | post claiming dhoni has adopted buddhism is fake, photo of ad campaign going viral with fake claim | dhoni has adopted buddhism | buddhism/ religion conversion | dhoni | ,ipl,mahendra singh dhoni
 +->  Fact Check: Post Claiming Dhoni Has Adopted Buddhism is fake, Photo of Ad Campaign Going Viral With Fake Claim

 -->  0.519 8225 dhoni has not converted to islam edited pictures are going viral | dhoni has not converted to islam, edited pictures are going viral |  |  |  | dhoni
 +->  Fact Check: Dhoni has not converted to Islam, edited pictures are going viral

 -->  0.5 8469 this video of a bowler taking a selfie with a batsman in the middle of a cricket match has no connection with dhoni | धोनी नहीं, दक्षिण अफ्रीका के रग्बी प्लेयर के साथ सेल्फी लेने का है वायरल वीडियो |  |  |  | cricket,dhoni,ms dhoni
 +->  Fact Check : धोनी नहीं, दक्षिण अफ्रीका के रग्बी प्लेयर के साथ सेल्फी लेने का है वायरल वीडियो

 -->  0.468 763 dhoni and kareena are not joining congress party | पूरा सच: महेंद्र सिंह धौनी और करीना कपूर नहीं ज्वाइन कर रहे हैं कोई राजनैतिक पार्टी | पूर्व कप्तान महेंद्र सिंह #धोनी जी ने #सोनिया गांधी जी से मुलाकात की #रांची से लड़ सकते हैं #कांग्रेस के टिकट से चुनाव। जय कांग्रेस विजय कांग्रेस | mahendra dhoni and kareena kapoor joining bjp and congress respectively | mahendra dhoni and kareena kapoor | party,kareena kapoor,mahendra singh dhoni,
 +->  पूरा सच: महेंद्र सिंह धौनी और करीना कपूर नहीं ज्वाइन कर रहे हैं कोई राजनैतिक पार्टी

 -->  0.466 1883 no dhoni has not converted to buddhism this image is related to an ad campaign | धौनी के बौद्ध धर्म अपनाने का दावा फर्जी, ऐड कैंपेन की तस्वीर झूठे मैसेज के साथ की जा रही वायरल | पूर्व कप्तान धौनी ने बौद्ध धर्म अपना लिया है। | buddhism/ religion conversion | dhoni | ,ipl,mahendra singh dhoni
 +->  Fact Check: धौनी के बौद्ध धर्म अपनाने का दावा फर्जी, ऐड कैंपेन की तस्वीर झूठे मैसेज के साथ की जा रही वायरल

 -->  0.462 4002 the viral claim about dhonis arrest is false | धोनी की गिरफ़्तारी को लेकर वायरल हो रहा दावा है गलत | एमएस धोनी को फिक्सिंग और आम्रपाली स्कैम के आरोप में बीती रात चेपॉक स्टेडियम से गिरफ्तार कर लिया गया है। | ipl | dhoni | dhoni,dhoni fake post,ipl 2023,mahendra singh dhoni
 +->  Fact Check : धोनी की गिरफ़्तारी को लेकर वायरल हो रहा दावा है गलत

 -->  0.455 8226 dhoni has not converted to islam | धौनी के इस्लाम धर्म अपनाने का दावा फर्जी, एडिटेड तस्वीरें की जा रही हैं वायरल |  |  |  | dhoni
 +->  Fact Check: धौनी के इस्लाम धर्म अपनाने का दावा फर्जी, एडिटेड तस्वीरें की जा रही हैं वायरल

 -->  0.433 4548 no the photographer did not cry after dhoni lost his wicket in wc 2019 the viral post is fake | no, the photographer did not cry after dhoni lost his wicket in wc 2019, the viral post is fake | the photographer cried after dhoni lost his wicket in wc 2019 | photographers actions | dhoni | cricket world cup 2019,world cup 2019
 +->  Fact Check: No, the photographer did not cry after Dhoni lost his wicket in WC 2019, the viral post is fake

 -->  0.431 6976 no m s dhoni has not been named as the mentor of team india for the asia cup and t 20 world cup | एशिया कप और टी-20 वर्ल्ड कप के लिए धोनी को टीम इंडिया का मेंटर बनाए जाने का दावा गलत | टी-20 वर्ल्ड कप और एशिया कप के लिए धोनी को बनाया गया टीम का मेंटॉर | dhoni was made the team's mentor for t20 world cup and asia cup | m s dhoni | asia cup,dhonim s dhoni,t-20 world cup,team india
 +->  Fact Check: एशिया कप और टी-20 वर्ल्ड कप के लिए धोनी को टीम इंडिया का मेंटर बनाए जाने का दावा गलत

 -->  0.426 5144 virat rohit and dhoni didnt meet rishabh pant in dehradun hospital viral claims are fake | virat, rohit and dhoni didn’t meet rishabh pant in dehradun hospital; viral claims are fake | virat kohli reaches dehradun hospital to meet injured rishabh pant | rishabh pant accident | virat kohli, rohit sharma, mahendra singh dhoni | rishabh pant,rishabh pant accident,virat kohli
 +->  Fact Check: Virat, Rohit and Dhoni didn’t meet Rishabh Pant in Dehradun hospital; viral claims are fake



######################################## Ensemble ########################################
QUERY: Fact Check : रक्षाबंधन बंपर धमाका को लेकर केबीसी कंपनी के नाम से वायरल किया जा रहा फर्जी पोस्ट
Total #docs for running bertscore: 46
len0 25	len1 25	len2 25	
Query time in s: 0.274
Num res: 5
Percent Match 1.0
 -->  1.0 4207 fake post being viral in the name of kbc company regarding raksha bandhan bumper blast | रक्षाबंधन बंपर धमाका को लेकर केबीसी कंपनी के नाम से वायरल किया जा रहा फर्जी पोस्ट | रक्षाबंधन बंपर धमाका केबीसी कंपनी दे रहा है प्राइस घर बैठे जीतने का मौका। | rakshabandhan | no | kaun banega crorepati,kbc,kbc fake post,phishing link
 +->  Fact Check : रक्षाबंधन बंपर धमाका को लेकर केबीसी कंपनी के नाम से वायरल किया जा रहा फर्जी पोस्ट

 -->  0.623 1439 fake post of kbc viral | ‘कौन बनेगा करोड़पति’ के नाम पर वायरल हो रहा है फेक मैसेज, सावधान रहें | सभी भारतीय स‍िम कार्ड व्हाट्सऐप आईएमओ लक्‍की ड्रा। इटा इंडिया टेलीकम्‍यूनिकेशन। अनुबंध प्रिय ग्राहक तुम्‍हारा जीवन अच्‍छा है कि आप 25,00,000 का भुगतान कर सकते हैं, केबीसी जियो विभाग दवारा कंपनी की राशि और विनियमों का पूरी तरह से उपयोग करके अपने मूल्‍य को कम करें। भाग्‍यशाली ड्रा धारक का नाम अमिताभ बच्‍चा, मुकेश अंबानी, नरेंद्र मोदी। | scam | kbc | 
 +->  Fact Check : ‘कौन बनेगा करोड़पति’ के नाम पर वायरल हो रहा है फेक मैसेज, सावधान रहें

 -->  0.485 6702 fake post about himalaya company went viral again | हिमालया कंपनी को लेकर फिर से वायरल हुई फर्जी पोस्‍ट | ये है हिमालयन कंपनी का मालिक, मोहम्‍मद मेनाल ये अपना कुल आय में से 10% जिहाद को सहयोगा करता है। इस कंपनी का कोई भी सामान ना खरीदे। | communal | himalaya company | himalya company
 +->  Quick Fact Check : हिमालया कंपनी को लेकर फिर से वायरल हुई फर्जी पोस्‍ट

 -->  0.479 744 this is not indian army video belongs to russian army fact check | रूसी सेना के युद्धाभ्यास को भारतीय सेना का बताकर किया जा रहा प्रचारित | वीडियो में भारतीय सेना को बताया जा रहा है। | army weapons | indian army | भारतीय आर्मी
 +->  Fact Check: रूसी सेना के युद्धाभ्यास को भारतीय सेना का बताकर किया जा रहा प्रचारित

 -->  0.474 1658 fake data being viral about world population uns name being misused | विश्व जनसंख्या को लेकर वायरल किया जा रहा फर्जी आंकड़ा, un के नाम का हो रहा गलत इस्तेमाल | यूएन की ओर से 2019 के पहले क्वार्टर में एक डेमोग्राफिक रिपोर्ट रिपोर्ट जारी की है। इसमें दावा किया गया है कि दुनिया में महिलाओं की संख्या पुरुषों की तुलना में दो गुना से ज्यादा है। | world populations | united nations | 
 +->  Fact Check: विश्व जनसंख्या को लेकर वायरल किया जा रहा फर्जी आंकड़ा, UN के नाम का हो रहा गलत इस्तेमाल



######################################## Ensemble ########################################
QUERY: Fact Check : केदारनाथ नहीं, 2 साल पहले पाकिस्तान के स्वात घाटी में आई बाढ़ का है वायरल वीडियो
Total #docs for running bertscore: 46
len0 25	len1 25	len2 25	
Query time in s: 0.279
Num res: 8
Percent Match 1.0
 -->  0.97 4209 not kedarnath viral video of flood in pakistans swat valley 2 years ago | केदारनाथ नहीं, 2 साल पहले पाकिस्तान के स्वात घाटी में आई बाढ़ का है वायरल वीडियो | केदारनाथ में आई बाढ़ का वीडियो। | kedarnath flood | no | kedarnath,kedarnath flood,pakistan pm,swat valley,uttarakhand flood
 +->  Fact Check : केदारनाथ नहीं, 2 साल पहले पाकिस्तान के स्वात घाटी में आई बाढ़ का है वायरल वीडियो

 -->  0.581 64 1 year old video of assam flood being shared as delhi | असम बाढ़ के एक साल पुराने वीडियो को दिल्ली का बताकर किया जा रहा वायरल | दिल्ली में आई बाढ़ का वीडियो। | delhi rain | arvind kejriwal | assam flood,delhi,delhi flood,delhi rain
 +->  Fact Check : असम बाढ़ के एक साल पुराने वीडियो को दिल्ली का बताकर किया जा रहा वायरल

 -->  0.516 49 video of 2011 tsunami in japan being shared as flood in punjab | जापान में 2011 में आई सुनामी के वीडियो को पंजाब में आई बाढ़ का बताकर किया जा रहा वायरल | बाढ़ में बहती गाड़ियों का यह वीडियो पंजाब का है। | punjab flood | no | japan,japan tsunami,punjab flood,punjab video,rains
 +->  Fact Check: जापान में 2011 में आई सुनामी के वीडियो को पंजाब में आई बाढ़ का बताकर किया जा रहा वायरल

 -->  0.493 2327 this video of bulldozer pouring water is old and does not related to recent floods in pakistan | बुलडोजर से पानी डालने का यह वीडियो पुराना है, हालिया पाकिस्तान बाढ़ से जोड़ते हुए हुआ वायरल | पाकिस्तान में भारी बारिश। शहर में बाढ़ आई हुई है। वे नवीनतम तकनीक का उपयोग कर पानी निकाल रहे हैं। पूरी दुनिया हैरान है इस तकनीक को देखकर | pakistan crises | pakistan | bulldozerpakistan,pakistan floods
 +->  Fact Check: बुलडोजर से पानी डालने का यह वीडियो पुराना है, हालिया पाकिस्तान बाढ़ से जोड़ते हुए हुआ वायरल

 -->  0.481 2417 doctored screenshot of dawn is getting viral on social media | डॉन न्यूज ने नहीं किया यह आर्टिकल पब्लिश, वायरल हो रहा है फेक पोस्ट | पाकिस्तान में बाढ़ जलवायु परिवर्तन के कारण नहीं है, बल्कि इसलिए आई है क्योंकि लोग कुरान नहीं पढ़ते हैं | pakistan crises | pakistan | edited imagepakistan,pakistan floods
 +->  Fact Check: डॉन न्यूज ने नहीं किया यह आर्टिकल पब्लिश, वायरल हो रहा है फेक पोस्ट

 -->  0.479 2748 5 year old video of floods in bihars araria district is being viral as assam | बिहार के अररिया जिले में आई बाढ़ के 5 साल पुराने वीडियो को असम का बताकर किया जा रहा वायरल | असम में बाढ़ से पुल ढह गया | bridge collapsed | assam floods | assam,assam ,assam flood,bihar
 +->  Fact Check: बिहार के अररिया जिले में आई बाढ़ के 5 साल पुराने वीडियो को असम का बताकर किया जा रहा वायरल

 -->  0.462 7539 women beaten 2 children | बच्‍चों को बेरहमी से पीटने वाला वीडियो भारत नहीं, सऊदी अरब का एक साल पुराना वीडियो है |  |  |  | 
 +->  Fact Check : बच्‍चों को बेरहमी से पीटने वाला वीडियो भारत नहीं, सऊदी अरब का एक साल पुराना वीडियो है

 -->  0.444 2005 two years old haryana video shared as from gujarat | हरियाणा का दो साल पुराना वीडियो गुजरात के नलिया गांव के नाम से हुआ वायरल | गुजरात के नलिया में तापमान माइनस 2 डिग्री पहुंचा, वीडियो में पाइप में पानी की जगह बर्फ निकली। | weather | gujarat | winter
 +->  Fact Check: हरियाणा का दो साल पुराना वीडियो गुजरात के नलिया गांव के नाम से हुआ वायरल

